  autofit.c
  ftbase.c
  ftbbox.c
  ftbdf.c
  ftbitmap.c
  ftcid.c
  ftfstype.c
  ftgasp.c
  ftglyph.c
  ftgxval.c
  ftinit.c
  ftmm.c
  ftotval.c
  ftpatent.c
  ftpfr.c
  ftstroke.c
  ftsynth.c
  fttype1.c
  ftwinfnt.c
  bdf.c
  ftcache.c
  cff.c
  type1cid.c
  dlgwrap.c
  ftgzip.c
  ftlzw.c
  pcf.c
  pfr.c
  psaux.c
  pshinter.c
  psmodule.c
  raster.c
  sfnt.c
  smooth.c
  sdf.c
  truetype.c
  type1.c
  type42.c
  winfnt.c
  ftdebug.c
  ftsystem.c
C:\Users\bjl15\C C++\Libraries\OpenGL\Organized\OpenGL Game Test\OpenGL Game Test\dependencies\FreeType\freetype-2.11.1\src\sdf\ftsdf.c(2480): warning C4701: potentially uninitialized local variable 'nearest_point' used
C:\Users\bjl15\C C++\Libraries\OpenGL\Organized\OpenGL Game Test\OpenGL Game Test\dependencies\FreeType\freetype-2.11.1\src\sdf\ftsdf.c(2806): warning C4701: potentially uninitialized local variable 'nearest_point' used
     Creating library ..\..\..\objs\Win32\Debug\freetype.lib and object ..\..\..\objs\Win32\Debug\freetype.exp
  freetype.vcxproj -> C:\Users\bjl15\C C++\Libraries\OpenGL\Organized\OpenGL Game Test\OpenGL Game Test\dependencies\FreeType\freetype-2.11.1\objs\Win32\Debug\freetype.dll
